<?xml version="1.0" encoding="UTF-8"?>
<testng-results skipped="0" failed="0" total="4" passed="4">
  <reporter-output>
  </reporter-output>
  <suite name="Suite1" duration-ms="52498" started-at="2015-05-02T14:38:27Z" finished-at="2015-05-02T14:39:20Z">
    <groups>
    </groups>
    <test name="test4" duration-ms="52497" started-at="2015-05-02T14:38:27Z" finished-at="2015-05-02T14:39:20Z">
      <class name="Laitkorgp.AppTest">
        <test-method status="PASS" signature="bef(java.lang.String)" name="bef" is-config="true" duration-ms="36299" started-at="2015-05-02T14:38:27Z" finished-at="2015-05-02T14:39:03Z">
          <params>
            <param index="0">
              <value>
                <![CDATA[firefox]]>
              </value>
            </param>
          </params>
        </test-method>
        <test-method status="PASS" signature="paralleltetsone()" name="paralleltetsone" duration-ms="12684" started-at="2015-05-02T14:39:03Z" finished-at="2015-05-02T14:39:16Z">
        </test-method>
        <test-method status="PASS" signature="paralleltesttwo()" name="paralleltesttwo" duration-ms="3508" started-at="2015-05-02T14:39:16Z" finished-at="2015-05-02T14:39:20Z">
        </test-method>
      </class>
    </test>
    <test name="test2" duration-ms="29515" started-at="2015-05-02T14:38:27Z" finished-at="2015-05-02T14:38:57Z">
      <class name="Laitkorgp.AppTest">
        <test-method status="PASS" signature="bef(java.lang.String)" name="bef" is-config="true" duration-ms="15771" started-at="2015-05-02T14:38:27Z" finished-at="2015-05-02T14:38:43Z">
          <params>
            <param index="0">
              <value>
                <![CDATA[chrome]]>
              </value>
            </param>
          </params>
        </test-method>
        <test-method status="PASS" signature="paralleltetsone()" name="paralleltetsone" duration-ms="9656" started-at="2015-05-02T14:38:43Z" finished-at="2015-05-02T14:38:53Z">
        </test-method>
        <test-method status="PASS" signature="paralleltesttwo()" name="paralleltesttwo" duration-ms="3936" started-at="2015-05-02T14:38:53Z" finished-at="2015-05-02T14:38:57Z">
        </test-method>
      </class>
    </test>
  </suite>
</testng-results>
